# JRE version: Java(TM) SE Runtime Environment (12.0.2+10) (build 12.0.2+10)
# Java VM: Java HotSpot(TM) 64-Bit Server VM (12.0.2+10, mixed mode, sharing, tiered, compressed oops, g1 gc, windows-amd64)
Heap:
 garbage-first heap   total 384000K, used 279318K [0x00000000c0000000, 0x0000000100000000)
  region size 1024K, 76 young (77824K), 12 survivors (12288K)
 Metaspace       used 53009K, capacity 55788K, committed 56496K, reserved 1099776K
  class space    used 5380K, capacity 6377K, committed 6656K, reserved 1048576K
GC Heap History (10 events):
Event: 49.697 GC heap before
{Heap before GC invocations=72 (full 0):
 garbage-first heap   total 299008K, used 238990K [0x00000000c0000000, 0x0000000100000000)
  region size 1024K, 60 young (61440K), 7 survivors (7168K)
 Metaspace       used 52311K, capacity 55304K, committed 55600K, reserved 1097728K
  class space    used 5422K, capacity 6454K, committed 6528K, reserved 1048576K
}
Event: 49.711 GC heap after
{Heap after GC invocations=73 (full 0):
 garbage-first heap   total 299008K, used 192177K [0x00000000c0000000, 0x0000000100000000)
  region size 1024K, 7 young (7168K), 7 survivors (7168K)
 Metaspace       used 52311K, capacity 55304K, committed 55600K, reserved 1097728K
  class space    used 5422K, capacity 6454K, committed 6528K, reserved 1048576K
}
Event: 50.306 GC heap before
{Heap before GC invocations=73 (full 0):
 garbage-first heap   total 299008K, used 244401K [0x00000000c0000000, 0x0000000100000000)
  region size 1024K, 59 young (60416K), 7 survivors (7168K)
 Metaspace       used 52471K, capacity 55491K, committed 55600K, reserved 1097728K
  class space    used 5440K, capacity 6475K, committed 6528K, reserved 1048576K
}
Event: 50.324 GC heap after
{Heap after GC invocations=74 (full 0):
 garbage-first heap   total 299008K, used 197831K [0x00000000c0000000, 0x0000000100000000)
  region size 1024K, 6 young (6144K), 6 survivors (6144K)
 Metaspace       used 52471K, capacity 55491K, committed 55600K, reserved 1097728K
  class space    used 5440K, capacity 6475K, committed 6528K, reserved 1048576K
}
Event: 50.701 GC heap before
{Heap before GC invocations=74 (full 0):
 garbage-first heap   total 299008K, used 248007K [0x00000000c0000000, 0x0000000100000000)
  region size 1024K, 55 young (56320K), 6 survivors (6144K)
 Metaspace       used 52627K, capacity 55715K, committed 55856K, reserved 1099776K
  class space    used 5454K, capacity 6507K, committed 6528K, reserved 1048576K
}
Event: 50.716 GC heap after
{Heap after GC invocations=75 (full 0):
 garbage-first heap   total 299008K, used 203295K [0x00000000c0000000, 0x0000000100000000)
  region size 1024K, 6 young (6144K), 6 survivors (6144K)
 Metaspace       used 52627K, capacity 55715K, committed 55856K, reserved 1099776K
  class space    used 5454K, capacity 6507K, committed 6528K, reserved 1048576K
}
Event: 51.123 GC heap before
{Heap before GC invocations=76 (full 0):
 garbage-first heap   total 384000K, used 249375K [0x00000000c0000000, 0x0000000100000000)
  region size 1024K, 52 young (53248K), 6 survivors (6144K)
 Metaspace       used 52644K, capacity 55484K, committed 56496K, reserved 1099776K
  class space    used 5353K, capacity 6317K, committed 6656K, reserved 1048576K
}
Event: 51.137 GC heap after
{Heap after GC invocations=77 (full 0):
 garbage-first heap   total 384000K, used 208496K [0x00000000c0000000, 0x0000000100000000)
  region size 1024K, 6 young (6144K), 6 survivors (6144K)
 Metaspace       used 52644K, capacity 55484K, committed 56496K, reserved 1099776K
  class space    used 5353K, capacity 6317K, committed 6656K, reserved 1048576K
}
Event: 51.801 GC heap before
{Heap before GC invocations=77 (full 0):
 garbage-first heap   total 384000K, used 295536K [0x00000000c0000000, 0x0000000100000000)
  region size 1024K, 92 young (94208K), 6 survivors (6144K)
 Metaspace       used 52995K, capacity 55788K, committed 56496K, reserved 1099776K
  class space    used 5380K, capacity 6377K, committed 6656K, reserved 1048576K
}
Event: 51.815 GC heap after
{Heap after GC invocations=78 (full 0):
 garbage-first heap   total 384000K, used 215830K [0x00000000c0000000, 0x0000000100000000)
  region size 1024K, 12 young (12288K), 12 survivors (12288K)
 Metaspace       used 52995K, capacity 55788K, committed 56496K, reserved 1099776K
  class space    used 5380K, capacity 6377K, committed 6656K, reserved 1048576K
}

